<?xml version="1.0" encoding="UTF-8"?>
<!-- Generated by org.testng.reporters.JUnitXMLReporter -->
<testsuite ignored="0" hostname="Bipinkumar-MacBook-Pro.local" failures="0" tests="4" name="Add customer Test" time="44.482" errors="0" timestamp="2025-01-27T00:27:05 IST">
  <testcase classname="testcases.AddCustomerTest" name="addCustomerTest" time="30.919"/>
  <testcase classname="testcases.AddCustomerTest" name="addCustomerTest" time="4.848"/>
  <testcase classname="testcases.AddCustomerTest" name="addCustomerTest" time="3.732"/>
  <testcase classname="testcases.AddCustomerTest" name="addCustomerTest" time="3.684"/>
</testsuite> <!-- Add customer Test -->
