<?xml version="1.0" encoding="UTF-8"?>
<!-- Generated by org.testng.reporters.JUnitXMLReporter -->
<testsuite ignored="0" hostname="Bipinkumar-MacBook-Pro.local" failures="0" tests="4" name="Add customer Test" time="75.463" errors="0" timestamp="2025-01-27T22:54:58 IST">
  <testcase classname="testcases.AddCustomerTest" name="addCustomerTest" time="59.664"/>
  <testcase classname="testcases.AddCustomerTest" name="addCustomerTest" time="4.783"/>
  <testcase classname="testcases.AddCustomerTest" name="addCustomerTest" time="5.482"/>
  <testcase classname="testcases.AddCustomerTest" name="addCustomerTest" time="4.339"/>
</testsuite> <!-- Add customer Test -->
