<?xml version="1.0" encoding="UTF-8"?>
<!-- Generated by org.testng.reporters.JUnitXMLReporter -->
<testsuite ignored="0" hostname="192.168.1.5" failures="0" tests="3" name="Login Test" time="14.439" errors="0" timestamp="2025-01-24T23:33:51 IST">
  <testcase classname="testcases.LoginTest" name="doClick" time="6.32"/>
  <testcase classname="testcases.LoginTest" name="doGmailLogin" time="5.057"/>
  <testcase classname="testcases.LoginTest" name="doLogin" time="2.13"/>
</testsuite> <!-- Login Test -->
