<?xml version="1.0" encoding="UTF-8"?>
<!-- Generated by org.testng.reporters.JUnitXMLReporter -->
<testsuite ignored="0" hostname="Bipinkumar-MacBook-Pro.local" failures="0" tests="3" name="Open Account Test" time="39.676" errors="0" timestamp="2025-01-27T00:27:00 IST">
  <testcase classname="testcases.OpenAccountTest" name="openAccountTest" time="29.762"/>
  <testcase classname="testcases.OpenAccountTest" name="openAccountTest" time="4.13"/>
  <testcase classname="testcases.OpenAccountTest" name="openAccountTest" time="5.026"/>
</testsuite> <!-- Open Account Test -->
