<?xml version="1.0" encoding="UTF-8"?>
<!-- Generated by org.testng.reporters.JUnitXMLReporter -->
<testsuite ignored="0" hostname="Bipinkumar-MacBook-Pro.local" failures="0" tests="3" name="Open Account Test" time="71.361" errors="0" timestamp="2025-01-27T22:54:54 IST">
  <testcase classname="testcases.OpenAccountTest" name="openAccountTest" time="58.843"/>
  <testcase classname="testcases.OpenAccountTest" name="openAccountTest" time="4.112"/>
  <testcase classname="testcases.OpenAccountTest" name="openAccountTest" time="7.564"/>
</testsuite> <!-- Open Account Test -->
