<?xml version="1.0" encoding="UTF-8"?>
<testng-results ignored="0" total="8" passed="8" failed="0" skipped="0">
  <reporter-output>
  </reporter-output>
  <suite started-at="2025-01-27T22:53:42 IST" name="Data Driven Framework" finished-at="2025-01-27T22:54:58 IST" duration-ms="75463">
    <groups>
    </groups>
    <test started-at="2025-01-27T22:53:42 IST" name="Bank Manager Login Test" finished-at="2025-01-27T22:53:48 IST" duration-ms="6027">
      <class name="testcases.BankManagerLoginTest">
        <test-method signature="LoginAsBankManager()[pri:0, instance:testcases.BankManagerLoginTest@53d1b9b3]" started-at="2025-01-27T22:53:42 IST" name="LoginAsBankManager" finished-at="2025-01-27T22:53:48 IST" duration-ms="5838" status="PASS">
          <reporter-output>
          </reporter-output>
        </test-method> <!-- LoginAsBankManager -->
        <test-method is-config="true" signature="quit()[pri:0, instance:testcases.BankManagerLoginTest@53d1b9b3]" started-at="2025-01-27T22:53:48 IST" name="quit" finished-at="2025-01-27T22:53:48 IST" duration-ms="173" status="PASS">
          <reporter-output>
          </reporter-output>
        </test-method> <!-- quit -->
      </class> <!-- testcases.BankManagerLoginTest -->
    </test> <!-- Bank Manager Login Test -->
    <test started-at="2025-01-27T22:53:42 IST" name="Open Account Test" finished-at="2025-01-27T22:54:54 IST" duration-ms="71361">
      <class name="testcases.OpenAccountTest">
        <test-method is-config="true" signature="setUp()[pri:0, instance:testcases.OpenAccountTest@502f1f4c]" started-at="2025-01-27T22:53:42 IST" name="setUp" finished-at="2025-01-27T22:53:42 IST" duration-ms="13" status="PASS">
          <reporter-output>
          </reporter-output>
        </test-method> <!-- setUp -->
        <test-method signature="openAccountTest(java.util.Hashtable)[pri:0, instance:testcases.OpenAccountTest@502f1f4c]" started-at="2025-01-27T22:53:42 IST" name="openAccountTest" data-provider="bankManagerDP" finished-at="2025-01-27T22:54:41 IST" duration-ms="58843" status="PASS">
          <params>
            <param index="0">
              <value>
                <![CDATA[{currency=Rupee, browser=chrome, Runmode=Y, customer=Harry Potter}]]>
              </value>
            </param>
          </params>
          <reporter-output>
          </reporter-output>
        </test-method> <!-- openAccountTest -->
        <test-method is-config="true" signature="quit()[pri:0, instance:testcases.OpenAccountTest@502f1f4c]" started-at="2025-01-27T22:54:41 IST" name="quit" finished-at="2025-01-27T22:54:42 IST" duration-ms="245" status="PASS">
          <reporter-output>
          </reporter-output>
        </test-method> <!-- quit -->
        <test-method signature="openAccountTest(java.util.Hashtable)[pri:0, instance:testcases.OpenAccountTest@502f1f4c]" started-at="2025-01-27T22:54:42 IST" name="openAccountTest" data-provider="bankManagerDP" finished-at="2025-01-27T22:54:46 IST" duration-ms="4112" status="PASS">
          <params>
            <param index="0">
              <value>
                <![CDATA[{currency=Dollar, browser=chromium, Runmode=Y, customer=Ron Weasly}]]>
              </value>
            </param>
          </params>
          <reporter-output>
          </reporter-output>
        </test-method> <!-- openAccountTest -->
        <test-method is-config="true" signature="quit()[pri:0, instance:testcases.OpenAccountTest@502f1f4c]" started-at="2025-01-27T22:54:46 IST" name="quit" finished-at="2025-01-27T22:54:46 IST" duration-ms="106" status="PASS">
          <reporter-output>
          </reporter-output>
        </test-method> <!-- quit -->
        <test-method signature="openAccountTest(java.util.Hashtable)[pri:0, instance:testcases.OpenAccountTest@502f1f4c]" started-at="2025-01-27T22:54:46 IST" name="openAccountTest" data-provider="bankManagerDP" finished-at="2025-01-27T22:54:53 IST" duration-ms="7564" status="PASS">
          <params>
            <param index="0">
              <value>
                <![CDATA[{currency=Dollar, browser=Firefox, Runmode=Y, customer=Hermoine Granger}]]>
              </value>
            </param>
          </params>
          <reporter-output>
          </reporter-output>
        </test-method> <!-- openAccountTest -->
        <test-method is-config="true" signature="quit()[pri:0, instance:testcases.OpenAccountTest@502f1f4c]" started-at="2025-01-27T22:54:53 IST" name="quit" finished-at="2025-01-27T22:54:54 IST" duration-ms="443" status="PASS">
          <reporter-output>
          </reporter-output>
        </test-method> <!-- quit -->
      </class> <!-- testcases.OpenAccountTest -->
    </test> <!-- Open Account Test -->
    <test started-at="2025-01-27T22:53:42 IST" name="Add customer Test" finished-at="2025-01-27T22:54:58 IST" duration-ms="75463">
      <class name="testcases.AddCustomerTest">
        <test-method signature="addCustomerTest(java.util.Hashtable)[pri:0, instance:testcases.AddCustomerTest@fd8294b]" started-at="2025-01-27T22:53:42 IST" name="addCustomerTest" data-provider="bankManagerDP" finished-at="2025-01-27T22:54:42 IST" duration-ms="59664" status="PASS">
          <params>
            <param index="0">
              <value>
                <![CDATA[{browser=chrome, postcode=A234324, Runmode=Y, lastname=Arora, firstname=Raman}]]>
              </value>
            </param>
          </params>
          <reporter-output>
          </reporter-output>
        </test-method> <!-- addCustomerTest -->
        <test-method is-config="true" signature="quit()[pri:0, instance:testcases.AddCustomerTest@fd8294b]" started-at="2025-01-27T22:54:42 IST" name="quit" finished-at="2025-01-27T22:54:42 IST" duration-ms="295" status="PASS">
          <reporter-output>
          </reporter-output>
        </test-method> <!-- quit -->
        <test-method signature="addCustomerTest(java.util.Hashtable)[pri:0, instance:testcases.AddCustomerTest@fd8294b]" started-at="2025-01-27T22:54:42 IST" name="addCustomerTest" data-provider="bankManagerDP" finished-at="2025-01-27T22:54:47 IST" duration-ms="4783" status="PASS">
          <params>
            <param index="0">
              <value>
                <![CDATA[{browser=Firefox, postcode=D53434, Runmode=Y, lastname=Arora, firstname=Rahul}]]>
              </value>
            </param>
          </params>
          <reporter-output>
          </reporter-output>
        </test-method> <!-- addCustomerTest -->
        <test-method is-config="true" signature="quit()[pri:0, instance:testcases.AddCustomerTest@fd8294b]" started-at="2025-01-27T22:54:47 IST" name="quit" finished-at="2025-01-27T22:54:48 IST" duration-ms="492" status="PASS">
          <reporter-output>
          </reporter-output>
        </test-method> <!-- quit -->
        <test-method signature="addCustomerTest(java.util.Hashtable)[pri:0, instance:testcases.AddCustomerTest@fd8294b]" started-at="2025-01-27T22:54:48 IST" name="addCustomerTest" data-provider="bankManagerDP" finished-at="2025-01-27T22:54:53 IST" duration-ms="5482" status="PASS">
          <params>
            <param index="0">
              <value>
                <![CDATA[{browser=chromium, postcode=A1C099, Runmode=Y, lastname=Singh, firstname=Bipin }]]>
              </value>
            </param>
          </params>
          <reporter-output>
          </reporter-output>
        </test-method> <!-- addCustomerTest -->
        <test-method is-config="true" signature="quit()[pri:0, instance:testcases.AddCustomerTest@fd8294b]" started-at="2025-01-27T22:54:53 IST" name="quit" finished-at="2025-01-27T22:54:53 IST" duration-ms="130" status="PASS">
          <reporter-output>
          </reporter-output>
        </test-method> <!-- quit -->
        <test-method signature="addCustomerTest(java.util.Hashtable)[pri:0, instance:testcases.AddCustomerTest@fd8294b]" started-at="2025-01-27T22:54:53 IST" name="addCustomerTest" data-provider="bankManagerDP" finished-at="2025-01-27T22:54:58 IST" duration-ms="4339" status="PASS">
          <params>
            <param index="0">
              <value>
                <![CDATA[{browser=chromium, postcode=AB5789, Runmode=Y, lastname=Singh, firstname=Ank}]]>
              </value>
            </param>
          </params>
          <reporter-output>
          </reporter-output>
        </test-method> <!-- addCustomerTest -->
        <test-method is-config="true" signature="quit()[pri:0, instance:testcases.AddCustomerTest@fd8294b]" started-at="2025-01-27T22:54:58 IST" name="quit" finished-at="2025-01-27T22:54:58 IST" duration-ms="212" status="PASS">
          <reporter-output>
          </reporter-output>
        </test-method> <!-- quit -->
      </class> <!-- testcases.AddCustomerTest -->
    </test> <!-- Add customer Test -->
  </suite> <!-- Data Driven Framework -->
</testng-results>
